Removed Pin From Net: NetName=GND Pin=C17-1
Removed Pin From Net: NetName=5V USB Pin=C17-2
Removed Pin From Net: NetName=GND Pin=C18-1
Removed Pin From Net: NetName=VBAT Pin=C18-2
Removed Pin From Net: NetName=GND Pin=R1-2
Removed Pin From Net: NetName=GND Pin=R3-1
Removed Pin From Net: NetName=VBAT Pin=R3-2
Removed Pin From Net: NetName=PWR_SRC Pin=U5-1
Removed Pin From Net: NetName=VBAT Pin=U5-2
Removed Pin From Net: NetName=GND Pin=U5-3
Removed Pin From Net: NetName=GND Pin=U5-5
Removed Pin From Net: NetName=VBAT Pin=U5-6
Removed Pin From Net: NetName=NetC9_2 Pin=U5-7
Removed Pin From Net: NetName=5V USB Pin=U5-8
Removed Member From Class: ClassName=PSU Member=C17
Removed Member From Class: ClassName=PSU Member=C18
Removed Member From Class: ClassName=PSU Member=R1
Removed Member From Class: ClassName=PSU Member=R3
Change Footprint: Footprint Not Found SOT-363_DIO
Change Component Comment : Designator=U5 Old Comment=TPS2115PW New Comment=BAT54DW-7-F
Change component parameters: Designator = "U5" ("U5"); Footprint = "*SOP65P640X120-8N"; UniqueID = "\YSVZJKHB\BUSECEDU" ("\YSVZJKHB\BUSECEDU")
Change component parameters (AddParameter): Name = "Mfr_Name"; Value = "Diodes Inc"; VariantName = "[No Variations]"
Change component parameters (AddParameter): Name = "RefDes"; Value = "RefDes"; VariantName = "[No Variations]"
Change component parameters (AddParameter): Name = "Type"; Value = "Type"; VariantName = "[No Variations]"
Added Pin To Net: NetName=GND Pin=U1-23
Added Pin To Net: NetName=5V USB Pin=U5-1
Added Pin To Net: NetName=NetC9_2 Pin=U5-3
Added Pin To Net: NetName=VBAT Pin=U5-4
Added Pin To Net: NetName=NetC9_2 Pin=U5-6
