Added Component: Designator=S1(PCBComponent_1)
Added Component: Designator=S2(PCBComponent_1)
Added Component: Designator=S3(PCBComponent_1)
Added Component: Designator=S4(PCBComponent_1)
Added Component: Designator=S5(PCBComponent_1)
Added Component: Designator=S6(PCBComponent_1)
Added Component: Designator=S7(PCBComponent_1)
Added Component: Designator=S8(PCBComponent_1)
Added Component: Designator=S9(PCBComponent_1)
Added Component: Designator=S10(PCBComponent_1)
Added Component: Designator=S11(PCBComponent_1)
Added Component: Designator=S12(PCBComponent_1)
Added Component: Designator=S13(PCBComponent_1)
Added Component: Designator=S14(PCBComponent_1)
Added Component: Designator=S15(PCBComponent_1)
Added Component: Designator=S16(PCBComponent_1)
Added Component: Designator=S17(PCBComponent_1)
Added Component: Designator=S18(PCBComponent_1)
Added Component: Designator=S19(PCBComponent_1)
Added Component: Designator=S20(PCBComponent_1)
Added Component: Designator=S21(PCBComponent_1)
Added Component: Designator=S22(PCBComponent_1)
Added Component: Designator=S23(PCBComponent_1)
Added Component: Designator=S24(PCBComponent_1)
Added Component: Designator=S25(PCBComponent_1)
Added Component: Designator=S26(PCBComponent_1)
Added Component: Designator=S27(PCBComponent_1)
Added Component: Designator=S28(PCBComponent_1)
Added Component: Designator=S29(PCBComponent_1)
Added Component: Designator=S30(PCBComponent_1)
Added Component: Designator=S31(PCBComponent_1)
Added Component: Designator=S32(PCBComponent_1)
Added Component: Designator=S33(PCBComponent_1)
Added Component: Designator=S34(PCBComponent_1)
Added Component: Designator=S35(PCBComponent_1)
Added Component: Designator=S36(PCBComponent_1)
Added Component: Designator=S37(PCBComponent_1)
Added Component: Designator=S38(PCBComponent_1)
Added Component: Designator=S39(PCBComponent_1)
Added Component: Designator=S40(PCBComponent_1)
Added Component: Designator=S41(PCBComponent_1)
Added Component: Designator=S42(PCBComponent_1)
Added Component: Designator=U2(LQFP64-10x10mm)
Add component (AddParameter): Name = "Mfr_Name"; Value = "STMicroelectronics"; VariantName = "[No Variations]"
Add component (AddParameter): Name = "RefDes"; Value = "RefDes"; VariantName = "[No Variations]"
Add component (AddParameter): Name = "Type"; Value = "Type"; VariantName = "[No Variations]"
Added Pin To Net: NetName=COL0 Pin=S1-2
Added Pin To Net: NetName=COL0 Pin=S1-2
Added Pin To Net: NetName=COL0 Pin=S7-2
Added Pin To Net: NetName=COL0 Pin=S7-2
Added Pin To Net: NetName=COL0 Pin=S13-2
Added Pin To Net: NetName=COL0 Pin=S13-2
Added Pin To Net: NetName=COL0 Pin=S19-2
Added Pin To Net: NetName=COL0 Pin=S19-2
Added Pin To Net: NetName=COL0 Pin=S25-2
Added Pin To Net: NetName=COL0 Pin=S25-2
Added Pin To Net: NetName=COL0 Pin=S31-2
Added Pin To Net: NetName=COL0 Pin=S31-2
Added Pin To Net: NetName=COL0 Pin=S37-2
Added Pin To Net: NetName=COL0 Pin=S37-2
Added Pin To Net: NetName=COL0 Pin=U2-8
Added Net: Name=COL0
Added Pin To Net: NetName=COL1 Pin=S2-2
Added Pin To Net: NetName=COL1 Pin=S2-2
Added Pin To Net: NetName=COL1 Pin=S8-2
Added Pin To Net: NetName=COL1 Pin=S8-2
Added Pin To Net: NetName=COL1 Pin=S14-2
Added Pin To Net: NetName=COL1 Pin=S14-2
Added Pin To Net: NetName=COL1 Pin=S20-2
Added Pin To Net: NetName=COL1 Pin=S20-2
Added Pin To Net: NetName=COL1 Pin=S26-2
Added Pin To Net: NetName=COL1 Pin=S26-2
Added Pin To Net: NetName=COL1 Pin=S32-2
Added Pin To Net: NetName=COL1 Pin=S32-2
Added Pin To Net: NetName=COL1 Pin=S38-2
Added Pin To Net: NetName=COL1 Pin=S38-2
Added Pin To Net: NetName=COL1 Pin=U2-9
Added Net: Name=COL1
Added Pin To Net: NetName=COL2 Pin=S3-2
Added Pin To Net: NetName=COL2 Pin=S3-2
Added Pin To Net: NetName=COL2 Pin=S9-2
Added Pin To Net: NetName=COL2 Pin=S9-2
Added Pin To Net: NetName=COL2 Pin=S15-2
Added Pin To Net: NetName=COL2 Pin=S15-2
Added Pin To Net: NetName=COL2 Pin=S21-2
Added Pin To Net: NetName=COL2 Pin=S21-2
Added Pin To Net: NetName=COL2 Pin=S27-2
Added Pin To Net: NetName=COL2 Pin=S27-2
Added Pin To Net: NetName=COL2 Pin=S33-2
Added Pin To Net: NetName=COL2 Pin=S33-2
Added Pin To Net: NetName=COL2 Pin=S39-2
Added Pin To Net: NetName=COL2 Pin=S39-2
Added Pin To Net: NetName=COL2 Pin=U2-10
Added Net: Name=COL2
Added Pin To Net: NetName=COL3 Pin=S4-2
Added Pin To Net: NetName=COL3 Pin=S4-2
Added Pin To Net: NetName=COL3 Pin=S10-2
Added Pin To Net: NetName=COL3 Pin=S10-2
Added Pin To Net: NetName=COL3 Pin=S16-2
Added Pin To Net: NetName=COL3 Pin=S16-2
Added Pin To Net: NetName=COL3 Pin=S22-2
Added Pin To Net: NetName=COL3 Pin=S22-2
Added Pin To Net: NetName=COL3 Pin=S28-2
Added Pin To Net: NetName=COL3 Pin=S28-2
Added Pin To Net: NetName=COL3 Pin=S34-2
Added Pin To Net: NetName=COL3 Pin=S34-2
Added Pin To Net: NetName=COL3 Pin=S40-2
Added Pin To Net: NetName=COL3 Pin=S40-2
Added Pin To Net: NetName=COL3 Pin=U2-11
Added Net: Name=COL3
Added Pin To Net: NetName=COL4 Pin=S5-2
Added Pin To Net: NetName=COL4 Pin=S5-2
Added Pin To Net: NetName=COL4 Pin=S11-2
Added Pin To Net: NetName=COL4 Pin=S11-2
Added Pin To Net: NetName=COL4 Pin=S17-2
Added Pin To Net: NetName=COL4 Pin=S17-2
Added Pin To Net: NetName=COL4 Pin=S23-2
Added Pin To Net: NetName=COL4 Pin=S23-2
Added Pin To Net: NetName=COL4 Pin=S29-2
Added Pin To Net: NetName=COL4 Pin=S29-2
Added Pin To Net: NetName=COL4 Pin=S35-2
Added Pin To Net: NetName=COL4 Pin=S35-2
Added Pin To Net: NetName=COL4 Pin=S41-2
Added Pin To Net: NetName=COL4 Pin=S41-2
Added Pin To Net: NetName=COL4 Pin=U2-24
Added Net: Name=COL4
Added Pin To Net: NetName=COL5 Pin=S6-2
Added Pin To Net: NetName=COL5 Pin=S6-2
Added Pin To Net: NetName=COL5 Pin=S12-2
Added Pin To Net: NetName=COL5 Pin=S12-2
Added Pin To Net: NetName=COL5 Pin=S18-2
Added Pin To Net: NetName=COL5 Pin=S18-2
Added Pin To Net: NetName=COL5 Pin=S24-2
Added Pin To Net: NetName=COL5 Pin=S24-2
Added Pin To Net: NetName=COL5 Pin=S30-2
Added Pin To Net: NetName=COL5 Pin=S30-2
Added Pin To Net: NetName=COL5 Pin=S36-2
Added Pin To Net: NetName=COL5 Pin=S36-2
Added Pin To Net: NetName=COL5 Pin=S42-2
Added Pin To Net: NetName=COL5 Pin=S42-2
Added Pin To Net: NetName=COL5 Pin=U2-25
Added Net: Name=COL5
Added Pin To Net: NetName=GND Pin=U2-12
Added Pin To Net: NetName=GND Pin=U2-18
Added Pin To Net: NetName=GND Pin=U2-31
Added Pin To Net: NetName=GND Pin=U2-47
Added Pin To Net: NetName=GND Pin=U2-63
Added Net: Name=GND
Added Net: Name=NetC1_1
Added Net: Name=NetC1_2
Added Net: Name=NetC2_1
Added Net: Name=NetC2_2
Added Net: Name=NetC3_2
Added Net: Name=NetC4_2
Added Net: Name=NetC5_2
Added Net: Name=NetC6_2
Added Net: Name=NetC7_2
Added Net: Name=NetC8_2
Added Pin To Net: NetName=NetC9_1 Pin=U2-4
Added Net: Name=NetC9_1
Added Pin To Net: NetName=NetC10_1 Pin=U2-3
Added Net: Name=NetC10_1
Added Pin To Net: NetName=NetC11_1 Pin=U2-6
Added Net: Name=NetC11_1
Added Pin To Net: NetName=NetC12_1 Pin=U2-5
Added Net: Name=NetC12_1
Added Pin To Net: NetName=NetU1_36 Pin=U2-57
Added Net: Name=NetU1_36
Added Pin To Net: NetName=NetU1_37 Pin=U2-21
Added Net: Name=NetU1_37
Added Pin To Net: NetName=NetU1_38 Pin=U2-33
Added Net: Name=NetU1_38
Added Pin To Net: NetName=NetU1_39 Pin=U2-35
Added Net: Name=NetU1_39
Added Pin To Net: NetName=NetU1_40 Pin=U2-34
Added Net: Name=NetU1_40
Added Pin To Net: NetName=NetU2_22 Pin=U2-22
Added Net: Name=NetU2_22
Added Pin To Net: NetName=NetU2_23 Pin=U2-23
Added Net: Name=NetU2_23
Added Pin To Net: NetName=NetU2_26 Pin=U2-26
Added Net: Name=NetU2_26
Added Pin To Net: NetName=NetU2_27 Pin=U2-27
Added Net: Name=NetU2_27
Added Pin To Net: NetName=NetU2_29 Pin=U2-29
Added Net: Name=NetU2_29
Added Pin To Net: NetName=NetU2_30 Pin=U2-30
Added Net: Name=NetU2_30
Added Pin To Net: NetName=NetU2_42 Pin=U2-42
Added Net: Name=NetU2_42
Added Pin To Net: NetName=NetU2_44 Pin=U2-44
Added Net: Name=NetU2_44
Added Pin To Net: NetName=NetU2_45 Pin=U2-45
Added Net: Name=NetU2_45
Added Pin To Net: NetName=ROW0 Pin=S1-1
Added Pin To Net: NetName=ROW0 Pin=S1-1
Added Pin To Net: NetName=ROW0 Pin=S2-1
Added Pin To Net: NetName=ROW0 Pin=S2-1
Added Pin To Net: NetName=ROW0 Pin=S3-1
Added Pin To Net: NetName=ROW0 Pin=S3-1
Added Pin To Net: NetName=ROW0 Pin=S4-1
Added Pin To Net: NetName=ROW0 Pin=S4-1
Added Pin To Net: NetName=ROW0 Pin=S5-1
Added Pin To Net: NetName=ROW0 Pin=S5-1
Added Pin To Net: NetName=ROW0 Pin=S6-1
Added Pin To Net: NetName=ROW0 Pin=S6-1
Added Pin To Net: NetName=ROW0 Pin=U2-14
Added Net: Name=ROW0
Added Pin To Net: NetName=ROW1 Pin=S7-1
Added Pin To Net: NetName=ROW1 Pin=S7-1
Added Pin To Net: NetName=ROW1 Pin=S8-1
Added Pin To Net: NetName=ROW1 Pin=S8-1
Added Pin To Net: NetName=ROW1 Pin=S9-1
Added Pin To Net: NetName=ROW1 Pin=S9-1
Added Pin To Net: NetName=ROW1 Pin=S10-1
Added Pin To Net: NetName=ROW1 Pin=S10-1
Added Pin To Net: NetName=ROW1 Pin=S11-1
Added Pin To Net: NetName=ROW1 Pin=S11-1
Added Pin To Net: NetName=ROW1 Pin=S12-1
Added Pin To Net: NetName=ROW1 Pin=S12-1
Added Pin To Net: NetName=ROW1 Pin=U2-15
Added Net: Name=ROW1
Added Pin To Net: NetName=ROW2 Pin=S13-1
Added Pin To Net: NetName=ROW2 Pin=S13-1
Added Pin To Net: NetName=ROW2 Pin=S14-1
Added Pin To Net: NetName=ROW2 Pin=S14-1
Added Pin To Net: NetName=ROW2 Pin=S15-1
Added Pin To Net: NetName=ROW2 Pin=S15-1
Added Pin To Net: NetName=ROW2 Pin=S16-1
Added Pin To Net: NetName=ROW2 Pin=S16-1
Added Pin To Net: NetName=ROW2 Pin=S17-1
Added Pin To Net: NetName=ROW2 Pin=S17-1
Added Pin To Net: NetName=ROW2 Pin=S18-1
Added Pin To Net: NetName=ROW2 Pin=S18-1
Added Pin To Net: NetName=ROW2 Pin=U2-16
Added Net: Name=ROW2
Added Pin To Net: NetName=ROW3 Pin=S19-1
Added Pin To Net: NetName=ROW3 Pin=S19-1
Added Pin To Net: NetName=ROW3 Pin=S20-1
Added Pin To Net: NetName=ROW3 Pin=S20-1
Added Pin To Net: NetName=ROW3 Pin=S21-1
Added Pin To Net: NetName=ROW3 Pin=S21-1
Added Pin To Net: NetName=ROW3 Pin=S22-1
Added Pin To Net: NetName=ROW3 Pin=S22-1
Added Pin To Net: NetName=ROW3 Pin=S23-1
Added Pin To Net: NetName=ROW3 Pin=S23-1
Added Pin To Net: NetName=ROW3 Pin=S24-1
Added Pin To Net: NetName=ROW3 Pin=S24-1
Added Pin To Net: NetName=ROW3 Pin=U2-17
Added Net: Name=ROW3
Added Pin To Net: NetName=ROW4 Pin=S25-1
Added Pin To Net: NetName=ROW4 Pin=S25-1
Added Pin To Net: NetName=ROW4 Pin=S26-1
Added Pin To Net: NetName=ROW4 Pin=S26-1
Added Pin To Net: NetName=ROW4 Pin=S27-1
Added Pin To Net: NetName=ROW4 Pin=S27-1
Added Pin To Net: NetName=ROW4 Pin=S28-1
Added Pin To Net: NetName=ROW4 Pin=S28-1
Added Pin To Net: NetName=ROW4 Pin=S29-1
Added Pin To Net: NetName=ROW4 Pin=S29-1
Added Pin To Net: NetName=ROW4 Pin=S30-1
Added Pin To Net: NetName=ROW4 Pin=S30-1
Added Pin To Net: NetName=ROW4 Pin=U2-20
Added Net: Name=ROW4
Added Pin To Net: NetName=ROW5 Pin=S31-1
Added Pin To Net: NetName=ROW5 Pin=S31-1
Added Pin To Net: NetName=ROW5 Pin=S32-1
Added Pin To Net: NetName=ROW5 Pin=S32-1
Added Pin To Net: NetName=ROW5 Pin=S33-1
Added Pin To Net: NetName=ROW5 Pin=S33-1
Added Pin To Net: NetName=ROW5 Pin=S34-1
Added Pin To Net: NetName=ROW5 Pin=S34-1
Added Pin To Net: NetName=ROW5 Pin=S35-1
Added Pin To Net: NetName=ROW5 Pin=S35-1
Added Pin To Net: NetName=ROW5 Pin=S36-1
Added Pin To Net: NetName=ROW5 Pin=S36-1
Added Net: Name=ROW5
Add Net: Net with name "ROW5" already exists
Added Pin To Net: NetName=ROW6 Pin=S37-1
Added Pin To Net: NetName=ROW6 Pin=S37-1
Added Pin To Net: NetName=ROW6 Pin=S38-1
Added Pin To Net: NetName=ROW6 Pin=S38-1
Added Pin To Net: NetName=ROW6 Pin=S39-1
Added Pin To Net: NetName=ROW6 Pin=S39-1
Added Pin To Net: NetName=ROW6 Pin=S40-1
Added Pin To Net: NetName=ROW6 Pin=S40-1
Added Pin To Net: NetName=ROW6 Pin=S41-1
Added Pin To Net: NetName=ROW6 Pin=S41-1
Added Pin To Net: NetName=ROW6 Pin=S42-1
Added Pin To Net: NetName=ROW6 Pin=S42-1
Added Pin To Net: NetName=ROW6 Pin=U2-43
Added Net: Name=ROW6
Added Pin To Net: NetName=V3.3 Pin=U2-13
Added Pin To Net: NetName=V3.3 Pin=U2-19
Added Pin To Net: NetName=V3.3 Pin=U2-32
Added Pin To Net: NetName=V3.3 Pin=U2-64
Added Net: Name=V3.3
Added Pin To Net: NetName=V_USB Pin=U2-48
Added Net: Name=V_USB
Added Pin To Net: NetName=VBAT Pin=U2-1
Added Net: Name=VBAT
Added Net: Name=VCC
Added Class: Name=keyboard
Added Class: Name=main-board
Added Class: Name=mcu
Added Class: Name=PSU
Added Class: Name=screen
Added Class: Name=COL[0..5]
Added Class: Name=ROW[0..6]
Added Rule: Name=Schematic Supply Nets
Added Rule: Name=Schematic Supply Nets_1
Added Rule: Name=Schematic Supply Nets_2
Added Rule: Name=Schematic Supply Nets_3
Added Rule: Name=Schematic Supply Nets_4
