Removed Pin From Net: NetName=ROW0 Pin=S1-1
Removed Pin From Net: NetName=ROW0 Pin=S1-1
Removed Pin From Net: NetName=COL0 Pin=S1-2
Removed Pin From Net: NetName=COL0 Pin=S1-2
Removed Pin From Net: NetName=ROW0 Pin=S2-1
Removed Pin From Net: NetName=ROW0 Pin=S2-1
Removed Pin From Net: NetName=COL1 Pin=S2-2
Removed Pin From Net: NetName=COL1 Pin=S2-2
Removed Pin From Net: NetName=ROW0 Pin=S3-1
Removed Pin From Net: NetName=ROW0 Pin=S3-1
Removed Pin From Net: NetName=COL2 Pin=S3-2
Removed Pin From Net: NetName=COL2 Pin=S3-2
Removed Pin From Net: NetName=ROW0 Pin=S4-1
Removed Pin From Net: NetName=ROW0 Pin=S4-1
Removed Pin From Net: NetName=COL3 Pin=S4-2
Removed Pin From Net: NetName=COL3 Pin=S4-2
Removed Pin From Net: NetName=ROW0 Pin=S5-1
Removed Pin From Net: NetName=ROW0 Pin=S5-1
Removed Pin From Net: NetName=COL4 Pin=S5-2
Removed Pin From Net: NetName=COL4 Pin=S5-2
Removed Pin From Net: NetName=ROW0 Pin=S6-1
Removed Pin From Net: NetName=ROW0 Pin=S6-1
Removed Pin From Net: NetName=COL5 Pin=S6-2
Removed Pin From Net: NetName=COL5 Pin=S6-2
Removed Pin From Net: NetName=ROW1 Pin=S7-1
Removed Pin From Net: NetName=ROW1 Pin=S7-1
Removed Pin From Net: NetName=COL0 Pin=S7-2
Removed Pin From Net: NetName=COL0 Pin=S7-2
Removed Pin From Net: NetName=ROW1 Pin=S8-1
Removed Pin From Net: NetName=ROW1 Pin=S8-1
Removed Pin From Net: NetName=COL1 Pin=S8-2
Removed Pin From Net: NetName=COL1 Pin=S8-2
Removed Pin From Net: NetName=ROW1 Pin=S9-1
Removed Pin From Net: NetName=ROW1 Pin=S9-1
Removed Pin From Net: NetName=COL2 Pin=S9-2
Removed Pin From Net: NetName=COL2 Pin=S9-2
Removed Pin From Net: NetName=ROW1 Pin=S10-1
Removed Pin From Net: NetName=ROW1 Pin=S10-1
Removed Pin From Net: NetName=COL3 Pin=S10-2
Removed Pin From Net: NetName=COL3 Pin=S10-2
Removed Pin From Net: NetName=ROW1 Pin=S11-1
Removed Pin From Net: NetName=ROW1 Pin=S11-1
Removed Pin From Net: NetName=COL4 Pin=S11-2
Removed Pin From Net: NetName=COL4 Pin=S11-2
Removed Pin From Net: NetName=ROW1 Pin=S12-1
Removed Pin From Net: NetName=ROW1 Pin=S12-1
Removed Pin From Net: NetName=COL5 Pin=S12-2
Removed Pin From Net: NetName=COL5 Pin=S12-2
Removed Pin From Net: NetName=ROW2 Pin=S13-1
Removed Pin From Net: NetName=ROW2 Pin=S13-1
Removed Pin From Net: NetName=COL0 Pin=S13-2
Removed Pin From Net: NetName=COL0 Pin=S13-2
Removed Pin From Net: NetName=ROW2 Pin=S15-1
Removed Pin From Net: NetName=ROW2 Pin=S15-1
Removed Pin From Net: NetName=COL2 Pin=S15-2
Removed Pin From Net: NetName=COL2 Pin=S15-2
Removed Pin From Net: NetName=ROW2 Pin=S16-1
Removed Pin From Net: NetName=ROW2 Pin=S16-1
Removed Pin From Net: NetName=COL3 Pin=S16-2
Removed Pin From Net: NetName=COL3 Pin=S16-2
Removed Pin From Net: NetName=ROW2 Pin=S17-1
Removed Pin From Net: NetName=ROW2 Pin=S17-1
Removed Pin From Net: NetName=COL4 Pin=S17-2
Removed Pin From Net: NetName=COL4 Pin=S17-2
Removed Pin From Net: NetName=ROW2 Pin=S18-1
Removed Pin From Net: NetName=ROW2 Pin=S18-1
Removed Pin From Net: NetName=COL5 Pin=S18-2
Removed Pin From Net: NetName=COL5 Pin=S18-2
Removed Pin From Net: NetName=ROW3 Pin=S19-1
Removed Pin From Net: NetName=ROW3 Pin=S19-1
Removed Pin From Net: NetName=COL0 Pin=S19-2
Removed Pin From Net: NetName=COL0 Pin=S19-2
Removed Pin From Net: NetName=ROW3 Pin=S20-1
Removed Pin From Net: NetName=ROW3 Pin=S20-1
Removed Pin From Net: NetName=COL1 Pin=S20-2
Removed Pin From Net: NetName=COL1 Pin=S20-2
Removed Pin From Net: NetName=ROW3 Pin=S21-1
Removed Pin From Net: NetName=ROW3 Pin=S21-1
Removed Pin From Net: NetName=COL2 Pin=S21-2
Removed Pin From Net: NetName=COL2 Pin=S21-2
Removed Pin From Net: NetName=ROW3 Pin=S22-1
Removed Pin From Net: NetName=ROW3 Pin=S22-1
Removed Pin From Net: NetName=COL3 Pin=S22-2
Removed Pin From Net: NetName=COL3 Pin=S22-2
Removed Pin From Net: NetName=ROW3 Pin=S23-1
Removed Pin From Net: NetName=ROW3 Pin=S23-1
Removed Pin From Net: NetName=COL4 Pin=S23-2
Removed Pin From Net: NetName=COL4 Pin=S23-2
Removed Pin From Net: NetName=ROW4 Pin=S25-1
Removed Pin From Net: NetName=ROW4 Pin=S25-1
Removed Pin From Net: NetName=COL0 Pin=S25-2
Removed Pin From Net: NetName=COL0 Pin=S25-2
Removed Pin From Net: NetName=ROW4 Pin=S26-1
Removed Pin From Net: NetName=ROW4 Pin=S26-1
Removed Pin From Net: NetName=COL1 Pin=S26-2
Removed Pin From Net: NetName=COL1 Pin=S26-2
Removed Pin From Net: NetName=ROW4 Pin=S27-1
Removed Pin From Net: NetName=ROW4 Pin=S27-1
Removed Pin From Net: NetName=COL2 Pin=S27-2
Removed Pin From Net: NetName=COL2 Pin=S27-2
Removed Pin From Net: NetName=ROW4 Pin=S28-1
Removed Pin From Net: NetName=ROW4 Pin=S28-1
Removed Pin From Net: NetName=COL3 Pin=S28-2
Removed Pin From Net: NetName=COL3 Pin=S28-2
Removed Pin From Net: NetName=ROW4 Pin=S29-1
Removed Pin From Net: NetName=ROW4 Pin=S29-1
Removed Pin From Net: NetName=COL4 Pin=S29-2
Removed Pin From Net: NetName=COL4 Pin=S29-2
Removed Pin From Net: NetName=ROW5 Pin=S31-1
Removed Pin From Net: NetName=ROW5 Pin=S31-1
Removed Pin From Net: NetName=COL0 Pin=S31-2
Removed Pin From Net: NetName=COL0 Pin=S31-2
Removed Pin From Net: NetName=ROW5 Pin=S32-1
Removed Pin From Net: NetName=ROW5 Pin=S32-1
Removed Pin From Net: NetName=COL1 Pin=S32-2
Removed Pin From Net: NetName=COL1 Pin=S32-2
Removed Pin From Net: NetName=ROW5 Pin=S33-1
Removed Pin From Net: NetName=ROW5 Pin=S33-1
Removed Pin From Net: NetName=COL2 Pin=S33-2
Removed Pin From Net: NetName=COL2 Pin=S33-2
Removed Pin From Net: NetName=ROW5 Pin=S34-1
Removed Pin From Net: NetName=ROW5 Pin=S34-1
Removed Pin From Net: NetName=COL3 Pin=S34-2
Removed Pin From Net: NetName=COL3 Pin=S34-2
Removed Pin From Net: NetName=ROW5 Pin=S35-1
Removed Pin From Net: NetName=ROW5 Pin=S35-1
Removed Pin From Net: NetName=COL4 Pin=S35-2
Removed Pin From Net: NetName=COL4 Pin=S35-2
Removed Pin From Net: NetName=ROW6 Pin=S37-1
Removed Pin From Net: NetName=ROW6 Pin=S37-1
Removed Pin From Net: NetName=COL0 Pin=S37-2
Removed Pin From Net: NetName=COL0 Pin=S37-2
Removed Pin From Net: NetName=ROW6 Pin=S38-1
Removed Pin From Net: NetName=ROW6 Pin=S38-1
Removed Pin From Net: NetName=COL1 Pin=S38-2
Removed Pin From Net: NetName=COL1 Pin=S38-2
Removed Pin From Net: NetName=ROW6 Pin=S39-1
Removed Pin From Net: NetName=ROW6 Pin=S39-1
Removed Pin From Net: NetName=COL2 Pin=S39-2
Removed Pin From Net: NetName=COL2 Pin=S39-2
Removed Pin From Net: NetName=ROW6 Pin=S40-1
Removed Pin From Net: NetName=ROW6 Pin=S40-1
Removed Pin From Net: NetName=COL3 Pin=S40-2
Removed Pin From Net: NetName=COL3 Pin=S40-2
Removed Pin From Net: NetName=ROW6 Pin=S41-1
Removed Pin From Net: NetName=ROW6 Pin=S41-1
Removed Pin From Net: NetName=COL4 Pin=S41-2
Removed Pin From Net: NetName=COL4 Pin=S41-2
Removed Member From Class: ClassName=keyboard Member=S1
Removed Member From Class: ClassName=keyboard Member=S2
Removed Member From Class: ClassName=keyboard Member=S3
Removed Member From Class: ClassName=keyboard Member=S4
Removed Member From Class: ClassName=keyboard Member=S5
Removed Member From Class: ClassName=keyboard Member=S6
Removed Member From Class: ClassName=keyboard Member=S7
Removed Member From Class: ClassName=keyboard Member=S8
Removed Member From Class: ClassName=keyboard Member=S9
Removed Member From Class: ClassName=keyboard Member=S10
Removed Member From Class: ClassName=keyboard Member=S11
Removed Member From Class: ClassName=keyboard Member=S12
Removed Member From Class: ClassName=keyboard Member=S13
Removed Member From Class: ClassName=keyboard Member=S15
Removed Member From Class: ClassName=keyboard Member=S16
Removed Member From Class: ClassName=keyboard Member=S17
Removed Member From Class: ClassName=keyboard Member=S18
Removed Member From Class: ClassName=keyboard Member=S19
Removed Member From Class: ClassName=keyboard Member=S20
Removed Member From Class: ClassName=keyboard Member=S21
Removed Member From Class: ClassName=keyboard Member=S22
Removed Member From Class: ClassName=keyboard Member=S23
Removed Member From Class: ClassName=keyboard Member=S25
Removed Member From Class: ClassName=keyboard Member=S26
Removed Member From Class: ClassName=keyboard Member=S27
Removed Member From Class: ClassName=keyboard Member=S28
Removed Member From Class: ClassName=keyboard Member=S29
Removed Member From Class: ClassName=keyboard Member=S31
Removed Member From Class: ClassName=keyboard Member=S32
Removed Member From Class: ClassName=keyboard Member=S33
Removed Member From Class: ClassName=keyboard Member=S34
Removed Member From Class: ClassName=keyboard Member=S35
Removed Member From Class: ClassName=keyboard Member=S37
Removed Member From Class: ClassName=keyboard Member=S38
Removed Member From Class: ClassName=keyboard Member=S39
Removed Member From Class: ClassName=keyboard Member=S40
Removed Member From Class: ClassName=keyboard Member=S41
Added Component: Designator=S?(PCBComponent_1)
Added Pin To Net: NetName=ROW0 Pin=S?-1
Added Pin To Net: NetName=ROW0 Pin=S?-1
Added Pin To Net: NetName=COL0 Pin=S?-2
Added Pin To Net: NetName=COL0 Pin=S?-2
Added Member To Class: ClassName=keyboard Member=Component S? temp_switch
Added Member To Class: ClassName=screen Member=Component U1 INTERFACE
